{
  "stats": {
    "suites": 1,
    "tests": 2,
    "passes": 2,
    "pending": 0,
    "failures": 0,
    "start": "2024-12-31T11:41:26.685Z",
    "end": "2024-12-31T11:41:32.401Z",
    "duration": 5716,
    "testsRegistered": 2,
    "passPercent": 100,
    "pendingPercent": 0,
    "other": 0,
    "hasOther": false,
    "skipped": 0,
    "hasSkipped": false
  },
  "results": [
    {
      "uuid": "ce25dfe4-1c86-4d8e-a6f6-b126be63dc2d",
      "title": "",
      "fullFile": "cypress\\integration\\checkout.spec.js",
      "file": "cypress\\integration\\checkout.spec.js",
      "beforeHooks": [],
      "afterHooks": [],
      "tests": [],
      "suites": [
        {
          "uuid": "df61001e-b45e-4124-9bb3-c9ba36327c70",
          "title": "Checkout Tests",
          "fullFile": "",
          "file": "",
          "beforeHooks": [],
          "afterHooks": [],
          "tests": [
            {
              "title": "Deve preencher as informações de checkout",
              "fullTitle": "Checkout Tests Deve preencher as informações de checkout",
              "timedOut": null,
              "duration": 3121,
              "state": "passed",
              "speed": "fast",
              "pass": true,
              "fail": false,
              "pending": false,
              "context": null,
              "code": "cy.get('.checkout_button').click();\ncy.get('[data-test=\"firstName\"]').type('João');\ncy.get('[data-test=\"lastName\"]').type('Silva');\ncy.get('[data-test=\"postalCode\"]').type('12345');\ncy.get('.cart_button').click();\ncy.url().should('include', '/checkout-step-two.html');",
              "err": {},
              "uuid": "74f23e13-a6c6-4f8f-9fae-fbdcf262dfc5",
              "parentUUID": "df61001e-b45e-4124-9bb3-c9ba36327c70",
              "isHook": false,
              "skipped": false
            },
            {
              "title": "Deve finalizar a compra corretamente",
              "fullTitle": "Checkout Tests Deve finalizar a compra corretamente",
              "timedOut": null,
              "duration": 2477,
              "state": "passed",
              "speed": "fast",
              "pass": true,
              "fail": false,
              "pending": false,
              "context": null,
              "code": "cy.get('.checkout_button').click();\ncy.get('[data-test=\"firstName\"]').type('John');\ncy.get('[data-test=\"lastName\"]').type('Doe');\ncy.get('[data-test=\"postalCode\"]').type('12345');\ncy.get('.cart_button').click();\ncy.get('.btn_action.cart_button').contains('FINISH').click();\ncy.url().should('include', '/checkout-complete.html');\ncy.get('.complete-header', {\n  timeout: 10000\n}).should('contain', 'THANK YOU FOR YOUR ORDER');",
              "err": {},
              "uuid": "089fdb2a-e6e7-4c2d-b8ec-fb51896f9000",
              "parentUUID": "df61001e-b45e-4124-9bb3-c9ba36327c70",
              "isHook": false,
              "skipped": false
            }
          ],
          "suites": [],
          "passes": [
            "74f23e13-a6c6-4f8f-9fae-fbdcf262dfc5",
            "089fdb2a-e6e7-4c2d-b8ec-fb51896f9000"
          ],
          "failures": [],
          "pending": [],
          "skipped": [],
          "duration": 5598,
          "root": false,
          "rootEmpty": false,
          "_timeout": 2000
        }
      ],
      "passes": [],
      "failures": [],
      "pending": [],
      "skipped": [],
      "duration": 0,
      "root": true,
      "rootEmpty": true,
      "_timeout": 2000
    }
  ],
  "meta": {
    "mocha": {
      "version": "7.0.1"
    },
    "mochawesome": {
      "options": {
        "quiet": false,
        "reportFilename": "mochawesome",
        "saveHtml": true,
        "saveJson": true,
        "consoleReporter": "spec",
        "useInlineDiffs": false,
        "code": true
      },
      "version": "7.1.3"
    },
    "marge": {
      "options": {
        "reportDir": "cypress/reports",
        "overwrite": false,
        "html": true,
        "json": true
      },
      "version": "6.2.0"
    }
  }
}