{
  "stats": {
    "suites": 1,
    "tests": 3,
    "passes": 3,
    "pending": 0,
    "failures": 0,
    "start": "2024-12-31T11:41:53.449Z",
    "end": "2024-12-31T11:41:58.153Z",
    "duration": 4704,
    "testsRegistered": 3,
    "passPercent": 100,
    "pendingPercent": 0,
    "other": 0,
    "hasOther": false,
    "skipped": 0,
    "hasSkipped": false
  },
  "results": [
    {
      "uuid": "139cd0bf-eac1-4de6-90a2-c332aae6784c",
      "title": "",
      "fullFile": "cypress\\integration\\products.spec.js",
      "file": "cypress\\integration\\products.spec.js",
      "beforeHooks": [],
      "afterHooks": [],
      "tests": [],
      "suites": [
        {
          "uuid": "03a79bee-39f3-4495-a64a-d15c9dc59ae5",
          "title": "Product Page Tests",
          "fullFile": "",
          "file": "",
          "beforeHooks": [],
          "afterHooks": [],
          "tests": [
            {
              "title": "Deve listar produtos corretamente",
              "fullTitle": "Product Page Tests Deve listar produtos corretamente",
              "timedOut": null,
              "duration": 1785,
              "state": "passed",
              "speed": "fast",
              "pass": true,
              "fail": false,
              "pending": false,
              "context": null,
              "code": "cy.get('.inventory_list').should('be.visible');\ncy.get('.inventory_item').should('have.length', 6);",
              "err": {},
              "uuid": "ecce0572-46a4-4169-8654-0bab77609467",
              "parentUUID": "03a79bee-39f3-4495-a64a-d15c9dc59ae5",
              "isHook": false,
              "skipped": false
            },
            {
              "title": "Deve permitir ordenar os produtos por preço",
              "fullTitle": "Product Page Tests Deve permitir ordenar os produtos por preço",
              "timedOut": null,
              "duration": 1454,
              "state": "passed",
              "speed": "fast",
              "pass": true,
              "fail": false,
              "pending": false,
              "context": null,
              "code": "cy.get('.product_sort_container').select('lohi');\ncy.get('.inventory_item').first().should('contain', '$7.99');\ncy.get('.product_sort_container').select('hilo');\ncy.get('.inventory_item').first().should('contain', '$49.99');",
              "err": {},
              "uuid": "fdde66ee-eea3-42b8-ba71-7191646ffbaa",
              "parentUUID": "03a79bee-39f3-4495-a64a-d15c9dc59ae5",
              "isHook": false,
              "skipped": false
            },
            {
              "title": "Deve validar visualmente os produtos",
              "fullTitle": "Product Page Tests Deve validar visualmente os produtos",
              "timedOut": null,
              "duration": 1299,
              "state": "passed",
              "speed": "fast",
              "pass": true,
              "fail": false,
              "pending": false,
              "context": null,
              "code": "cy.get('.inventory_item').each($item => {\n  cy.wrap($item).find('.inventory_item_img').should('be.visible');\n  cy.wrap($item).find('.inventory_item_name').should('be.visible');\n  cy.wrap($item).find('.inventory_item_price').should('be.visible');\n});",
              "err": {},
              "uuid": "7c6f8595-367a-473f-a38a-dfff0784d147",
              "parentUUID": "03a79bee-39f3-4495-a64a-d15c9dc59ae5",
              "isHook": false,
              "skipped": false
            }
          ],
          "suites": [],
          "passes": [
            "ecce0572-46a4-4169-8654-0bab77609467",
            "fdde66ee-eea3-42b8-ba71-7191646ffbaa",
            "7c6f8595-367a-473f-a38a-dfff0784d147"
          ],
          "failures": [],
          "pending": [],
          "skipped": [],
          "duration": 4538,
          "root": false,
          "rootEmpty": false,
          "_timeout": 2000
        }
      ],
      "passes": [],
      "failures": [],
      "pending": [],
      "skipped": [],
      "duration": 0,
      "root": true,
      "rootEmpty": true,
      "_timeout": 2000
    }
  ],
  "meta": {
    "mocha": {
      "version": "7.0.1"
    },
    "mochawesome": {
      "options": {
        "quiet": false,
        "reportFilename": "mochawesome",
        "saveHtml": true,
        "saveJson": true,
        "consoleReporter": "spec",
        "useInlineDiffs": false,
        "code": true
      },
      "version": "7.1.3"
    },
    "marge": {
      "options": {
        "reportDir": "cypress/reports",
        "overwrite": false,
        "html": true,
        "json": true
      },
      "version": "6.2.0"
    }
  }
}