{
  "stats": {
    "suites": 1,
    "tests": 2,
    "passes": 1,
    "pending": 0,
    "failures": 1,
    "start": "2024-12-31T11:41:36.029Z",
    "end": "2024-12-31T11:41:49.440Z",
    "duration": 13411,
    "testsRegistered": 2,
    "passPercent": 50,
    "pendingPercent": 0,
    "other": 0,
    "hasOther": false,
    "skipped": 0,
    "hasSkipped": false
  },
  "results": [
    {
      "uuid": "c2d847a7-096d-438b-b6b1-a3536bbd3f94",
      "title": "",
      "fullFile": "cypress\\integration\\login.spec.js",
      "file": "cypress\\integration\\login.spec.js",
      "beforeHooks": [],
      "afterHooks": [],
      "tests": [],
      "suites": [
        {
          "uuid": "1bf043ed-df32-4902-9599-6baccce802af",
          "title": "Login Tests",
          "fullFile": "",
          "file": "",
          "beforeHooks": [],
          "afterHooks": [],
          "tests": [
            {
              "title": "Deve fazer login com credenciais válidas",
              "fullTitle": "Login Tests Deve fazer login com credenciais válidas",
              "timedOut": null,
              "duration": 1878,
              "state": "passed",
              "speed": "fast",
              "pass": true,
              "fail": false,
              "pending": false,
              "context": null,
              "code": "cy.visit('https://www.saucedemo.com/v1/index.html');\ncy.get('[data-test=\"username\"]', {\n  timeout: 10000\n}).should('be.visible');\ncy.get('[data-test=\"password\"]', {\n  timeout: 10000\n}).should('be.visible');\ncy.get('#login-button', {\n  timeout: 10000\n}).should('be.visible');\ncy.get('[data-test=\"username\"]').type('standard_user');\ncy.get('[data-test=\"password\"]').type('secret_sauce');\ncy.get('#login-button').click();\ncy.url().should('include', '/inventory.html');",
              "err": {},
              "uuid": "71f45700-b751-467e-b78d-b2f8fce0bfea",
              "parentUUID": "1bf043ed-df32-4902-9599-6baccce802af",
              "isHook": false,
              "skipped": false
            },
            {
              "title": "Deve mostrar erro para credenciais inválidas",
              "fullTitle": "Login Tests Deve mostrar erro para credenciais inválidas",
              "timedOut": null,
              "duration": 11361,
              "state": "failed",
              "speed": null,
              "pass": false,
              "fail": true,
              "pending": false,
              "context": null,
              "code": "cy.visit('https://www.saucedemo.com/v1/index.html');\ncy.get('[data-test=\"username\"]').type('invalid_user');\ncy.get('[data-test=\"password\"]').type('wrong_password');\ncy.get('#login-button').click();\ncy.get('.error-message-container', {\n  timeout: 10000\n}).should('be.visible');",
              "err": {
                "message": "AssertionError: Timed out retrying after 10000ms: Expected to find element: `.error-message-container`, but never found it.",
                "estack": "AssertionError: Timed out retrying after 10000ms: Expected to find element: `.error-message-container`, but never found it.\n    at Context.eval (webpack:///./cypress/integration/login.spec.js:23:59)",
                "diff": null
              },
              "uuid": "2cd0cfb8-0be2-466a-b168-28fffccecf28",
              "parentUUID": "1bf043ed-df32-4902-9599-6baccce802af",
              "isHook": false,
              "skipped": false
            }
          ],
          "suites": [],
          "passes": [
            "71f45700-b751-467e-b78d-b2f8fce0bfea"
          ],
          "failures": [
            "2cd0cfb8-0be2-466a-b168-28fffccecf28"
          ],
          "pending": [],
          "skipped": [],
          "duration": 13239,
          "root": false,
          "rootEmpty": false,
          "_timeout": 2000
        }
      ],
      "passes": [],
      "failures": [],
      "pending": [],
      "skipped": [],
      "duration": 0,
      "root": true,
      "rootEmpty": true,
      "_timeout": 2000
    }
  ],
  "meta": {
    "mocha": {
      "version": "7.0.1"
    },
    "mochawesome": {
      "options": {
        "quiet": false,
        "reportFilename": "mochawesome",
        "saveHtml": true,
        "saveJson": true,
        "consoleReporter": "spec",
        "useInlineDiffs": false,
        "code": true
      },
      "version": "7.1.3"
    },
    "marge": {
      "options": {
        "reportDir": "cypress/reports",
        "overwrite": false,
        "html": true,
        "json": true
      },
      "version": "6.2.0"
    }
  }
}